
=== Tue Jan 18 21:36:17 2022

Packages were changed.
Update Mode: mergeDefaultDependencies

The following packages were 추가됨:
  com.unity.collab-proxy@1.9.0
  com.unity.ide.rider@2.0.7
  com.unity.ide.visualstudio@2.0.11
  com.unity.ide.vscode@1.2.3
  com.unity.modules.ai@1.0.0
  com.unity.modules.androidjni@1.0.0
  com.unity.modules.animation@1.0.0
  com.unity.modules.assetbundle@1.0.0
  com.unity.modules.audio@1.0.0
  com.unity.modules.cloth@1.0.0
  com.unity.modules.director@1.0.0
  com.unity.modules.imageconversion@1.0.0
  com.unity.modules.imgui@1.0.0
  com.unity.modules.jsonserialize@1.0.0
  com.unity.modules.particlesystem@1.0.0
  com.unity.modules.physics@1.0.0
  com.unity.modules.physics2d@1.0.0
  com.unity.modules.screencapture@1.0.0
  com.unity.modules.terrain@1.0.0
  com.unity.modules.terrainphysics@1.0.0
  com.unity.modules.tilemap@1.0.0
  com.unity.modules.ui@1.0.0
  com.unity.modules.uielements@1.0.0
  com.unity.modules.umbra@1.0.0
  com.unity.modules.unityanalytics@1.0.0
  com.unity.modules.unitywebrequest@1.0.0
  com.unity.modules.unitywebrequestassetbundle@1.0.0
  com.unity.modules.unitywebrequestaudio@1.0.0
  com.unity.modules.unitywebrequesttexture@1.0.0
  com.unity.modules.unitywebrequestwww@1.0.0
  com.unity.modules.vehicles@1.0.0
  com.unity.modules.video@1.0.0
  com.unity.modules.vr@1.0.0
  com.unity.modules.wind@1.0.0
  com.unity.modules.xr@1.0.0
  com.unity.test-framework@1.1.29
  com.unity.textmeshpro@3.0.6
  com.unity.timeline@1.4.8
  com.unity.ugui@1.0.0
The following packages were 업데이트됨:
  com.unity.2d.animation 5.0.1 버전에서 5.0.7버전으로  com.unity.2d.psdimporter 4.0.1 버전에서 4.1.0버전으로  com.unity.2d.spriteshape 5.0.1 버전에서 5.1.4버전으로
=== Thu Jan 27 00:17:10 2022

Packages were changed.
Update Mode: updateDependencies

The following packages were 업데이트됨:
  com.unity.ide.vscode 1.2.3 버전에서 1.2.4버전으로
=== Sat Mar  1 03:47:34 2025

Packages were changed.
Update Mode: updateDependencies

The following packages were added:
  com.unity.ai.navigation@1.1.5
The following packages were updated:
  com.unity.2d.animation from version 5.0.7 to 9.1.3
  com.unity.2d.pixel-perfect from version 4.0.1 to 5.0.3
  com.unity.2d.psdimporter from version 4.1.0 to 8.0.5
  com.unity.2d.spriteshape from version 5.1.4 to 9.0.5
  com.unity.collab-proxy from version 1.9.0 to 2.7.1
  com.unity.ide.rider from version 2.0.7 to 3.0.34
  com.unity.ide.visualstudio from version 2.0.11 to 2.0.22
  com.unity.ide.vscode from version 1.2.4 to 1.2.5
  com.unity.test-framework from version 1.1.29 to 1.1.33
  com.unity.textmeshpro from version 3.0.6 to 3.0.7
  com.unity.timeline from version 1.4.8 to 1.7.6
